obiekt: 1 utworzony: 1617873067
obiekt: 2 utworzony: 1617873067
obiekt: 1 utworzony: 1617873152
obiekt: 2 utworzony: 1617873154
obiekt: 1 czas: 1617873268
obiekt: 2 czas: 1617873270
obiekt: 1 czas: 1617873270
obiekt: 2 czas: 1617873270
obiekt: 1 utworzon 1617873418
obiekt: 2 utworzon 1617873420
obiekt: 1 usunieto 1617873420
obiekt: 2 usunieto 1617873420
obiekt: 1 utworzono 11:20:23
obiekt: 2 utworzono 11:20:25
obiekt: 1 usunieto 11:20:25
obiekt: 2 usunieto 11:20:25
obiekt: 1 utworzono 11:31:45
obiekt: 2 utworzono 11:31:47
obiekt: 1 usunieto 11:31:47
obiekt: 2 usunieto 11:31:47
obiekt: 1 utworzono 11:32:0 po 1 od uruchomienia programu
obiekt: 2 utworzono 11:32:1 po 2 od uruchomienia programu
obiekt: 1 usunieto 11:32:1 po 2 od uruchomienia programu
obiekt: 2 usunieto 11:32:1 po 2 od uruchomienia programu
obiekt: 1 utworzono 11:32:56; po 2 od uruchomienia programu
obiekt: 2 utworzono 11:32:58; po 4 od uruchomienia programu
obiekt: 1 usunieto 11:32:58; po 4 od uruchomienia programu
obiekt: 2 usunieto 11:32:58; po 4 od uruchomienia programu
